E:\DATA\CODE\TEMP\UTILITIES\DEBUG\UTILITIES.EXE
E:\DATA\CODE\TEMP\UTILITIES\DEBUG\UTILITIES.ILK
E:\DATA\CODE\TEMP\UTILITIES\DEBUG\UTILITIES.PDB
E:\Data\Code\temp\Utilities\Utilities\Debug\cl.command.1.tlog
E:\Data\Code\temp\Utilities\Utilities\Debug\CL.read.1.tlog
E:\Data\Code\temp\Utilities\Utilities\Debug\CL.write.1.tlog
E:\Data\Code\temp\Utilities\Utilities\Debug\link.19028.read.1.tlog
E:\Data\Code\temp\Utilities\Utilities\Debug\link.19028.write.1.tlog
E:\Data\Code\temp\Utilities\Utilities\Debug\link.19028-cvtres.read.1.tlog
E:\Data\Code\temp\Utilities\Utilities\Debug\link.19028-cvtres.write.1.tlog
E:\Data\Code\temp\Utilities\Utilities\Debug\link.19780.read.1.tlog
E:\Data\Code\temp\Utilities\Utilities\Debug\link.19780.write.1.tlog
E:\Data\Code\temp\Utilities\Utilities\Debug\link.19780-cvtres.read.1.tlog
E:\Data\Code\temp\Utilities\Utilities\Debug\link.19780-cvtres.write.1.tlog
E:\Data\Code\temp\Utilities\Utilities\Debug\link.24292.read.1.tlog
E:\Data\Code\temp\Utilities\Utilities\Debug\link.24292.write.1.tlog
E:\Data\Code\temp\Utilities\Utilities\Debug\link.24292-cvtres.read.1.tlog
E:\Data\Code\temp\Utilities\Utilities\Debug\link.24292-cvtres.write.1.tlog
E:\Data\Code\temp\Utilities\Utilities\Debug\link.26444.read.1.tlog
E:\Data\Code\temp\Utilities\Utilities\Debug\link.26444.write.1.tlog
E:\Data\Code\temp\Utilities\Utilities\Debug\link.26444-cvtres.read.1.tlog
E:\Data\Code\temp\Utilities\Utilities\Debug\link.26444-cvtres.write.1.tlog
E:\Data\Code\temp\Utilities\Utilities\Debug\link.27576.read.1.tlog
E:\Data\Code\temp\Utilities\Utilities\Debug\link.27576.write.1.tlog
E:\Data\Code\temp\Utilities\Utilities\Debug\link.27576-cvtres.read.1.tlog
E:\Data\Code\temp\Utilities\Utilities\Debug\link.27576-cvtres.write.1.tlog
E:\Data\Code\temp\Utilities\Utilities\Debug\link.28080.read.1.tlog
E:\Data\Code\temp\Utilities\Utilities\Debug\link.28080.write.1.tlog
E:\Data\Code\temp\Utilities\Utilities\Debug\link.28080-cvtres.read.1.tlog
E:\Data\Code\temp\Utilities\Utilities\Debug\link.28080-cvtres.write.1.tlog
E:\Data\Code\temp\Utilities\Utilities\Debug\link.command.1.tlog
E:\Data\Code\temp\Utilities\Utilities\Debug\link.read.1.tlog
E:\Data\Code\temp\Utilities\Utilities\Debug\link.write.1.tlog
E:\Data\Code\temp\Utilities\Utilities\Debug\link-cvtres.read.1.tlog
E:\Data\Code\temp\Utilities\Utilities\Debug\link-cvtres.write.1.tlog
E:\Data\Code\temp\Utilities\Utilities\Debug\mt.command.1.tlog
E:\Data\Code\temp\Utilities\Utilities\Debug\mt.read.1.tlog
E:\Data\Code\temp\Utilities\Utilities\Debug\mt.write.1.tlog
E:\Data\Code\temp\Utilities\Utilities\Debug\rc.command.1.tlog
E:\Data\Code\temp\Utilities\Utilities\Debug\rc.read.1.tlog
E:\Data\Code\temp\Utilities\Utilities\Debug\rc.write.1.tlog
E:\DATA\CODE\TEMP\UTILITIES\UTILITIES\DEBUG\STDAFX.OBJ
E:\DATA\CODE\TEMP\UTILITIES\UTILITIES\DEBUG\UGLYNUMBER.OBJ
E:\DATA\CODE\TEMP\UTILITIES\UTILITIES\DEBUG\UTILITIES.EXE.EMBED.MANIFEST
E:\DATA\CODE\TEMP\UTILITIES\UTILITIES\DEBUG\UTILITIES.EXE.EMBED.MANIFEST.RES
E:\DATA\CODE\TEMP\UTILITIES\UTILITIES\DEBUG\UTILITIES.EXE.INTERMEDIATE.MANIFEST
E:\DATA\CODE\TEMP\UTILITIES\UTILITIES\DEBUG\UTILITIES.OBJ
E:\DATA\CODE\TEMP\UTILITIES\UTILITIES\DEBUG\UTILITIES.PCH
E:\Data\Code\temp\Utilities\Utilities\Debug\Utilities.vcxprojResolveAssemblyReference.cache
E:\Data\Code\temp\Utilities\Utilities\Debug\Utilities.write.1.tlog
E:\Data\Code\temp\Utilities\Utilities\Debug\Utilities_manifest.rc
E:\Data\Code\temp\Utilities\Utilities\Debug\vc100.idb
E:\DATA\CODE\TEMP\UTILITIES\UTILITIES\DEBUG\VC100.PDB
