Build started 11/19/2015 5:28:50 PM.
     1>Project "E:\Data\Code\temp\Utilities\Utilities\Utilities.vcxproj" on node 2 (build target(s)).
     1>InitializeBuildStatus:
         Creating "Debug\Utilities.unsuccessfulbuild" because "AlwaysCreate" was specified.
       ClCompile:
         All outputs are up-to-date.
         c:\Program Files (x86)\Microsoft Visual Studio 10.0\VC\bin\CL.exe /c /ZI /nologo /W3 /WX- /Od /Oy- /D WIN32 /D _DEBUG /D _CONSOLE /D _UNICODE /D UNICODE /Gm /EHsc /RTC1 /MDd /GS /fp:precise /Zc:wchar_t /Zc:forScope /Yu"StdAfx.h" /Fp"Debug\Utilities.pch" /Fo"Debug\\" /Fd"Debug\vc100.pdb" /Gd /TP /analyze- /errorReport:prompt UglyNumber.cpp
         UglyNumber.cpp
       ManifestResourceCompile:
         All outputs are up-to-date.
       Link:
         c:\Program Files (x86)\Microsoft Visual Studio 10.0\VC\bin\link.exe /ERRORREPORT:PROMPT /OUT:"E:\Data\Code\temp\Utilities\Debug\Utilities.exe" /INCREMENTAL /NOLOGO kernel32.lib user32.lib gdi32.lib winspool.lib comdlg32.lib advapi32.lib shell32.lib ole32.lib oleaut32.lib uuid.lib odbc32.lib odbccp32.lib /MANIFEST /ManifestFile:"Debug\Utilities.exe.intermediate.manifest" /MANIFESTUAC:"level='asInvoker' uiAccess='false'" /DEBUG /PDB:"E:\Data\Code\temp\Utilities\Debug\Utilities.pdb" /SUBSYSTEM:CONSOLE /TLBID:1 /DYNAMICBASE /NXCOMPAT /IMPLIB:"E:\Data\Code\temp\Utilities\Debug\Utilities.lib" /MACHINE:X86 Debug\Utilities.exe.embed.manifest.res
         Debug\stdafx.obj
         Debug\UglyNumber.obj
         Debug\Utilities.obj
       Manifest:
         C:\Program Files (x86)\Microsoft SDKs\Windows\v7.0A\bin\mt.exe /nologo /verbose /out:"Debug\Utilities.exe.embed.manifest" /manifest Debug\Utilities.exe.intermediate.manifest
         All outputs are up-to-date.
       LinkEmbedManifest:
         All outputs are up-to-date.
         Utilities.vcxproj -> E:\Data\Code\temp\Utilities\Debug\Utilities.exe
       FinalizeBuildStatus:
         Deleting file "Debug\Utilities.unsuccessfulbuild".
         Touching "Debug\Utilities.lastbuildstate".
     1>Done Building Project "E:\Data\Code\temp\Utilities\Utilities\Utilities.vcxproj" (build target(s)).

Build succeeded.

Time Elapsed 00:00:03.24
